<?xml version="1.0" encoding="UTF-8"?>
<!-- Generated by org.testng.reporters.JUnitReportReporter -->
<testsuite hostname="NAPSTER" failures="0" tests="6" name="runner.TestRunner" time="36.680" errors="0" timestamp="2024-02-06T17:35:32 IST" skipped="0">
  <testcase classname="runner.TestRunner" name="runScenario" time="6.405"/>
  <system-out/>
  <testcase classname="runner.TestRunner" name="runScenario" time="5.637"/>
  <system-out/>
  <testcase classname="runner.TestRunner" name="runScenario" time="6.374"/>
  <system-out/>
  <testcase classname="runner.TestRunner" name="runScenario" time="6.030"/>
  <system-out/>
  <testcase classname="runner.TestRunner" name="runScenario" time="6.093"/>
  <system-out/>
  <testcase classname="runner.TestRunner" name="runScenario" time="6.141"/>
  <system-out/>
</testsuite> <!-- runner.TestRunner -->
