<?xml version="1.0" encoding="UTF-8"?>
<!-- Generated by org.testng.reporters.JUnitReportReporter -->
<testsuite hostname="NAPSTER" failures="0" tests="1" name="cucumberOptions.TestNGTestRunner" time="13.315" errors="0" timestamp="2024-02-06T20:45:34 IST" skipped="0">
  <testcase classname="cucumberOptions.TestNGTestRunner" name="runScenario" time="13.315"/>
</testsuite> <!-- cucumberOptions.TestNGTestRunner -->
